Determining if the pthread_create exist failed with the following output:
Change Dir: /home/me133/catkin_ws/build/CMakeFiles/CMakeTmp

Run Build Command:/usr/bin/make "cmTryCompileExec175789963/fast"
/usr/bin/make -f CMakeFiles/cmTryCompileExec175789963.dir/build.make CMakeFiles/cmTryCompileExec175789963.dir/build
make[1]: Entering directory `/home/me133/catkin_ws/build/CMakeFiles/CMakeTmp'
/usr/bin/cmake -E cmake_progress_report /home/me133/catkin_ws/build/CMakeFiles/CMakeTmp/CMakeFiles 1
Building C object CMakeFiles/cmTryCompileExec175789963.dir/CheckSymbolExists.c.o
/usr/bin/cc    -o CMakeFiles/cmTryCompileExec175789963.dir/CheckSymbolExists.c.o   -c /home/me133/catkin_ws/build/CMakeFiles/CMakeTmp/CheckSymbolExists.c
Linking C executable cmTryCompileExec175789963
/usr/bin/cmake -E cmake_link_script CMakeFiles/cmTryCompileExec175789963.dir/link.txt --verbose=1
/usr/bin/cc       CMakeFiles/cmTryCompileExec175789963.dir/CheckSymbolExists.c.o  -o cmTryCompileExec175789963 -rdynamic 
CMakeFiles/cmTryCompileExec175789963.dir/CheckSymbolExists.c.o: In function `main':
CheckSymbolExists.c:(.text+0x16): undefined reference to `pthread_create'
collect2: error: ld returned 1 exit status
make[1]: Leaving directory `/home/me133/catkin_ws/build/CMakeFiles/CMakeTmp'
make[1]: *** [cmTryCompileExec175789963] Error 1
make: *** [cmTryCompileExec175789963/fast] Error 2

File /home/me133/catkin_ws/build/CMakeFiles/CMakeTmp/CheckSymbolExists.c:
/* */
#include <pthread.h>

int main(int argc, char** argv)
{
  (void)argv;
#ifndef pthread_create
  return ((int*)(&pthread_create))[argc];
#else
  (void)argc;
  return 0;
#endif
}

Determining if the function pthread_create exists in the pthreads failed with the following output:
Change Dir: /home/me133/catkin_ws/build/CMakeFiles/CMakeTmp

Run Build Command:/usr/bin/make "cmTryCompileExec146956198/fast"
/usr/bin/make -f CMakeFiles/cmTryCompileExec146956198.dir/build.make CMakeFiles/cmTryCompileExec146956198.dir/build
make[1]: Entering directory `/home/me133/catkin_ws/build/CMakeFiles/CMakeTmp'
/usr/bin/cmake -E cmake_progress_report /home/me133/catkin_ws/build/CMakeFiles/CMakeTmp/CMakeFiles 1
Building C object CMakeFiles/cmTryCompileExec146956198.dir/CheckFunctionExists.c.o
/usr/bin/cc   -DCHECK_FUNCTION_EXISTS=pthread_create   -o CMakeFiles/cmTryCompileExec146956198.dir/CheckFunctionExists.c.o   -c /usr/share/cmake-2.8/Modules/CheckFunctionExists.c
Linking C executable cmTryCompileExec146956198
/usr/bin/cmake -E cmake_link_script CMakeFiles/cmTryCompileExec146956198.dir/link.txt --verbose=1
/usr/bin/cc   -DCHECK_FUNCTION_EXISTS=pthread_create    CMakeFiles/cmTryCompileExec146956198.dir/CheckFunctionExists.c.o  -o cmTryCompileExec146956198 -rdynamic -lpthreads 
/usr/bin/ld: cannot find -lpthreads
collect2: error: ld returned 1 exit status
make[1]: Leaving directory `/home/me133/catkin_ws/build/CMakeFiles/CMakeTmp'
make[1]: *** [cmTryCompileExec146956198] Error 1
make: *** [cmTryCompileExec146956198/fast] Error 2


